11 [Thread-0] INFO com.ddling.server.smtp.SMTPServer - SMTP server start at port 1198
23740 [Thread-0] INFO com.ddling.server.smtp.SMTPServer - Client /127.0.0.1 Connected to SMTP server
7 [Thread-0] INFO com.ddling.server.smtp.SMTPServer - SMTP server start at port 1198
8552 [Thread-0] INFO com.ddling.server.smtp.SMTPServer - Client /127.0.0.1 Connected to SMTP server
11 [Thread-0] INFO com.ddling.server.smtp.SMTPServer - SMTP server start at port 1198
9069 [Thread-0] INFO com.ddling.server.smtp.SMTPServer - Client /127.0.0.1 Connected to SMTP server
7 [Thread-0] INFO com.ddling.server.smtp.SMTPServer - SMTP server start at port 1198
6725 [Thread-0] INFO com.ddling.server.smtp.SMTPServer - Client /127.0.0.1 Connected to SMTP server
7 [Thread-0] INFO com.ddling.server.smtp.SMTPServer - SMTP server start at port 1198
1832 [Thread-0] INFO com.ddling.server.smtp.SMTPServer - Client /127.0.0.1 Connected to SMTP server
9 [Thread-0] INFO com.ddling.server.smtp.SMTPServer - SMTP server start at port 1198
1525 [Thread-0] INFO com.ddling.server.smtp.SMTPServer - Client /127.0.0.1 Connected to SMTP server
9 [Thread-0] INFO com.ddling.server.smtp.SMTPServer - SMTP server start at port 1198
1499 [Thread-0] INFO com.ddling.server.smtp.SMTPServer - Client /127.0.0.1 Connected to SMTP server
11 [Thread-0] INFO com.ddling.server.smtp.SMTPServer - SMTP server start at port 1198
7562 [Thread-0] INFO com.ddling.server.smtp.SMTPServer - Client /127.0.0.1 Connected to SMTP server
6 [Thread-0] INFO com.ddling.server.smtp.SMTPServer - SMTP server start at port 1198
8439 [Thread-0] INFO com.ddling.server.smtp.SMTPServer - Client /127.0.0.1 Connected to SMTP server
8 [Thread-0] INFO com.ddling.server.smtp.SMTPServer - SMTP server start at port 1198
862 [Thread-0] INFO com.ddling.server.smtp.SMTPServer - Client /127.0.0.1 Connected to SMTP server
8 [Thread-0] INFO com.ddling.server.smtp.SMTPServer - SMTP server start at port 1198
5507 [Thread-0] INFO com.ddling.server.smtp.SMTPServer - Client /127.0.0.1 Connected to SMTP server
7 [Thread-0] INFO com.ddling.server.smtp.SMTPServer - SMTP server start at port 1198
5028 [Thread-0] INFO com.ddling.server.smtp.SMTPServer - Client /127.0.0.1 Connected to SMTP server
7 [Thread-0] INFO com.ddling.server.smtp.SMTPServer - SMTP server start at port 1198
4599 [Thread-0] INFO com.ddling.server.smtp.SMTPServer - Client /127.0.0.1 Connected to SMTP server
7 [Thread-0] INFO com.ddling.server.smtp.SMTPServer - SMTP server start at port 1198
4991 [Thread-0] INFO com.ddling.server.smtp.SMTPServer - Client /127.0.0.1 Connected to SMTP server
10 [Thread-0] INFO com.ddling.server.smtp.SMTPServer - SMTP server start at port 1198
1305 [Thread-0] INFO com.ddling.server.smtp.SMTPServer - Client /127.0.0.1 Connected to SMTP server
16 [Thread-0] INFO com.ddling.server.smtp.SMTPServer - SMTP server start at port 1198
13365 [Thread-0] INFO com.ddling.server.smtp.SMTPServer - Client /127.0.0.1 Connected to SMTP server
8 [Thread-0] INFO com.ddling.server.smtp.SMTPServer - SMTP server start at port 1198
7392 [Thread-0] INFO com.ddling.server.smtp.SMTPServer - Client /127.0.0.1 Connected to SMTP server
7 [Thread-0] INFO com.ddling.server.smtp.SMTPServer - SMTP server start at port 1198
9383 [Thread-0] INFO com.ddling.server.smtp.SMTPServer - Client /127.0.0.1 Connected to SMTP server
8 [Thread-0] INFO com.ddling.server.smtp.SMTPServer - SMTP server start at port 1198
803 [Thread-0] INFO com.ddling.server.smtp.SMTPServer - Client /127.0.0.1 Connected to SMTP server
7 [Thread-0] INFO com.ddling.server.smtp.SMTPServer - SMTP server start at port 1198
2044 [Thread-0] INFO com.ddling.server.smtp.SMTPServer - Client /127.0.0.1 Connected to SMTP server
7 [Thread-0] INFO com.ddling.server.smtp.SMTPServer - SMTP server start at port 1198
1266 [Thread-0] INFO com.ddling.server.smtp.SMTPServer - Client /127.0.0.1 Connected to SMTP server
7 [Thread-0] INFO com.ddling.server.smtp.SMTPServer - SMTP server start at port 1198
1976 [Thread-0] INFO com.ddling.server.smtp.SMTPServer - Client /127.0.0.1 Connected to SMTP server
7 [Thread-0] INFO com.ddling.server.smtp.SMTPServer - SMTP server start at port 1198
2788 [Thread-0] INFO com.ddling.server.smtp.SMTPServer - Client /127.0.0.1 Connected to SMTP server
6 [Thread-0] INFO com.ddling.server.smtp.SMTPServer - SMTP server start at port 1198
1986 [Thread-0] INFO com.ddling.server.smtp.SMTPServer - Client /127.0.0.1 Connected to SMTP server
8 [Thread-0] INFO com.ddling.server.smtp.SMTPServer - SMTP server start at port 1198
5603 [Thread-0] INFO com.ddling.server.smtp.SMTPServer - Client /127.0.0.1 Connected to SMTP server
13 [Thread-0] INFO com.ddling.server.smtp.SMTPServer - SMTP server start at port 1198
4202 [Thread-0] INFO com.ddling.server.smtp.SMTPServer - Client /127.0.0.1 Connected to SMTP server
7 [Thread-0] INFO com.ddling.server.smtp.SMTPServer - SMTP server start at port 1198
1956 [Thread-0] INFO com.ddling.server.smtp.SMTPServer - Client /127.0.0.1 Connected to SMTP server
7 [Thread-0] INFO com.ddling.server.smtp.SMTPServer - SMTP server start at port 1198
1486 [Thread-0] INFO com.ddling.server.smtp.SMTPServer - Client /127.0.0.1 Connected to SMTP server
7 [Thread-0] INFO com.ddling.server.smtp.SMTPServer - SMTP server start at port 1198
1419 [Thread-0] INFO com.ddling.server.smtp.SMTPServer - Client /127.0.0.1 Connected to SMTP server
8 [Thread-0] INFO com.ddling.server.smtp.SMTPServer - SMTP server start at port 1198
620 [Thread-0] INFO com.ddling.server.smtp.SMTPServer - Client /127.0.0.1 Connected to SMTP server
7 [Thread-0] INFO com.ddling.server.smtp.SMTPServer - SMTP server start at port 1198
2128 [Thread-0] INFO com.ddling.server.smtp.SMTPServer - Client /127.0.0.1 Connected to SMTP server
8 [Thread-0] INFO com.ddling.server.smtp.SMTPServer - SMTP server start at port 1198
10489 [Thread-0] INFO com.ddling.server.smtp.SMTPServer - Client /127.0.0.1 Connected to SMTP server
7 [Thread-0] INFO com.ddling.server.smtp.SMTPServer - SMTP server start at port 1198
1344 [Thread-0] INFO com.ddling.server.smtp.SMTPServer - Client /127.0.0.1 Connected to SMTP server
7 [Thread-0] INFO com.ddling.server.smtp.SMTPServer - SMTP server start at port 1198
13817 [Thread-0] INFO com.ddling.server.smtp.SMTPServer - Client /127.0.0.1 Connected to SMTP server
6 [Thread-0] INFO com.ddling.server.smtp.SMTPServer - SMTP server start at port 1198
3474 [Thread-0] INFO com.ddling.server.smtp.SMTPServer - Client /127.0.0.1 Connected to SMTP server
11 [Thread-0] INFO com.ddling.server.smtp.SMTPServer - SMTP server start at port 1198
910 [Thread-0] INFO com.ddling.server.smtp.SMTPServer - Client /127.0.0.1 Connected to SMTP server
7 [Thread-0] INFO com.ddling.server.smtp.SMTPServer - SMTP server start at port 1198
1128 [Thread-0] INFO com.ddling.server.smtp.SMTPServer - Client /127.0.0.1 Connected to SMTP server
7 [Thread-0] INFO com.ddling.server.smtp.SMTPServer - SMTP server start at port 1198
9707 [Thread-0] INFO com.ddling.server.smtp.SMTPServer - Client /127.0.0.1 Connected to SMTP server
8 [Thread-0] INFO com.ddling.server.smtp.SMTPServer - SMTP server start at port 1198
4916 [Thread-0] INFO com.ddling.server.smtp.SMTPServer - Client /127.0.0.1 Connected to SMTP server
7 [Thread-0] INFO com.ddling.server.smtp.SMTPServer - SMTP server start at port 1198
13 [Thread-0] INFO com.ddling.server.smtp.SMTPServer - SMTP server start at port 1198
10557 [Thread-0] INFO com.ddling.server.smtp.SMTPServer - Client /127.0.0.1 Connected to SMTP server
255 [main] INFO com.ddling.server.smtp.SMTPClient - Connect to mx3.qq.com At port 25
621 [main] DEBUG com.ddling.server.smtp.SMTPClient - 220 newmx107.qq.com MX QQ Mail Server
621 [main] INFO com.ddling.server.smtp.SMTPClient - Connect to mx3.qq.comdone!
270 [main] INFO com.ddling.server.smtp.SMTPClient - Connect to mx3.qq.com At port 25
552 [main] DEBUG com.ddling.server.smtp.SMTPClient - 220 newmx108.qq.com MX QQ Mail Server
552 [main] INFO com.ddling.server.smtp.SMTPClient - Connect to mx3.qq.comdone!
552 [main] DEBUG com.ddling.server.smtp.SMTPClient - Send HELO mx3.qq.comdone!
689 [main] DEBUG com.ddling.server.smtp.SMTPClient - 250 newmx108.qq.com
689 [main] INFO com.ddling.server.smtp.SMTPClient - ehlo done!
244 [main] INFO com.ddling.server.smtp.SMTPClient - Connect to mx3.qq.com At port 25
532 [main] DEBUG com.ddling.server.smtp.SMTPClient - 220 newmx18.qq.com MX QQ Mail Server
532 [main] INFO com.ddling.server.smtp.SMTPClient - Connect to mx3.qq.comdone!
533 [main] DEBUG com.ddling.server.smtp.SMTPClient - Send HELO mx3.qq.comdone!
665 [main] DEBUG com.ddling.server.smtp.SMTPClient - 250 newmx18.qq.com
665 [main] INFO com.ddling.server.smtp.SMTPClient - ehlo done!
665 [main] DEBUG com.ddling.server.smtp.SMTPClient - Send MAIL FROM:<sdsdsd@qq.com>done!
798 [main] DEBUG com.ddling.server.smtp.SMTPClient - 550 Connection denied. http://service.mail.qq.com/cgi-bin/help?subtype=1&&id=20022&&no=1000727
799 [main] ERROR com.ddling.server.smtp.SMTPClient - java.io.IOException: Send Email Header fail!
255 [main] INFO com.ddling.server.smtp.SMTPClient - Connect to mx3.qq.com At port 25
536 [main] DEBUG com.ddling.server.smtp.SMTPClient - 220 newmx36.qq.com MX QQ Mail Server
536 [main] INFO com.ddling.server.smtp.SMTPClient - Connect to mx3.qq.comdone!
537 [main] DEBUG com.ddling.server.smtp.SMTPClient - Send HELO mx3.qq.comdone!
677 [main] DEBUG com.ddling.server.smtp.SMTPClient - 250 newmx36.qq.com
677 [main] INFO com.ddling.server.smtp.SMTPClient - ehlo done!
677 [main] DEBUG com.ddling.server.smtp.SMTPClient - Send MAIL FROM:<465391062@qq.com>done!
820 [main] DEBUG com.ddling.server.smtp.SMTPClient - 550 Connection denied. http://service.mail.qq.com/cgi-bin/help?subtype=1&&id=20022&&no=1000727
820 [main] ERROR com.ddling.server.smtp.SMTPClient - java.io.IOException: Send Email Header fail!
299 [main] INFO com.ddling.server.smtp.SMTPClient - Connect to 163mx01.mxmail.netease.com At port 25
1642 [main] DEBUG com.ddling.server.smtp.SMTPClient - 220 163.com Anti-spam GT for Coremail System (163com[20141201])
1642 [main] INFO com.ddling.server.smtp.SMTPClient - Connect to 163mx01.mxmail.netease.comdone!
1642 [main] DEBUG com.ddling.server.smtp.SMTPClient - Send HELO 163mx01.mxmail.netease.comdone!
1769 [main] DEBUG com.ddling.server.smtp.SMTPClient - 250 OK
1770 [main] INFO com.ddling.server.smtp.SMTPClient - ehlo done!
1770 [main] DEBUG com.ddling.server.smtp.SMTPClient - Send MAIL FROM:<465391062@qq.com>done!
1897 [main] DEBUG com.ddling.server.smtp.SMTPClient - 250 Mail OK
1897 [main] DEBUG com.ddling.server.smtp.SMTPClient - Send RCPT TO:<sysuyezhiqi@163.com>done!
2020 [main] DEBUG com.ddling.server.smtp.SMTPClient - 250 Mail OK
2020 [main] INFO com.ddling.server.smtp.SMTPClient - Send Email Header done!
294 [main] INFO com.ddling.server.smtp.SMTPClient - Connect to 163mx01.mxmail.netease.com At port 25
496 [main] DEBUG com.ddling.server.smtp.SMTPClient - 220 163.com Anti-spam GT for Coremail System (163com[20141201])
496 [main] INFO com.ddling.server.smtp.SMTPClient - Connect to 163mx01.mxmail.netease.comdone!
497 [main] DEBUG com.ddling.server.smtp.SMTPClient - Send HELO 163mx01.mxmail.netease.comdone!
580 [main] DEBUG com.ddling.server.smtp.SMTPClient - 250 OK
580 [main] INFO com.ddling.server.smtp.SMTPClient - ehlo done!
580 [main] DEBUG com.ddling.server.smtp.SMTPClient - Send MAIL FROM:<465391062@qq.com>done!
660 [main] DEBUG com.ddling.server.smtp.SMTPClient - 250 Mail OK
660 [main] DEBUG com.ddling.server.smtp.SMTPClient - Send RCPT TO:<sysuyezhiqi@163.com>done!
737 [main] DEBUG com.ddling.server.smtp.SMTPClient - 250 Mail OK
737 [main] INFO com.ddling.server.smtp.SMTPClient - Send Email Header done!
737 [main] DEBUG com.ddling.server.smtp.SMTPClient - Send DATAdone!
815 [main] DEBUG com.ddling.server.smtp.SMTPClient - 354 End data with <CR><LF>.<CR><LF>
815 [main] DEBUG com.ddling.server.smtp.SMTPClient - Send nulldone!
815 [main] DEBUG com.ddling.server.smtp.SMTPClient - Send .done!
1028 [main] DEBUG com.ddling.server.smtp.SMTPClient - 554 DT:SPM mx13, P8CowEAJ21M2EZxUaPFBCQ--.1233S2 1419514167 http://mail.163.com/help/help_spam_16.htm?ip=222.200.185.75&hostid=mx13&time=1419514167
1028 [main] ERROR com.ddling.server.smtp.SMTPClient - java.io.IOException: Send Email Content fail
271 [main] INFO com.ddling.server.smtp.SMTPClient - Connect to 163mx01.mxmail.netease.com At port 25
541 [main] DEBUG com.ddling.server.smtp.SMTPClient - 220 163.com Anti-spam GT for Coremail System (163com[20141201])
542 [main] INFO com.ddling.server.smtp.SMTPClient - Connect to 163mx01.mxmail.netease.comdone!
542 [main] DEBUG com.ddling.server.smtp.SMTPClient - Send HELO 163mx01.mxmail.netease.comdone!
652 [main] DEBUG com.ddling.server.smtp.SMTPClient - 250 OK
652 [main] INFO com.ddling.server.smtp.SMTPClient - ehlo done!
653 [main] DEBUG com.ddling.server.smtp.SMTPClient - Send MAIL FROM:<465391062@qq.com>done!
761 [main] DEBUG com.ddling.server.smtp.SMTPClient - 250 Mail OK
761 [main] DEBUG com.ddling.server.smtp.SMTPClient - Send RCPT TO:<sysuyezhiqi@163.com>done!
868 [main] DEBUG com.ddling.server.smtp.SMTPClient - 250 Mail OK
868 [main] INFO com.ddling.server.smtp.SMTPClient - Send Email Header done!
868 [main] DEBUG com.ddling.server.smtp.SMTPClient - Send DATAdone!
974 [main] DEBUG com.ddling.server.smtp.SMTPClient - 354 End data with <CR><LF>.<CR><LF>
974 [main] DEBUG com.ddling.server.smtp.SMTPClient - Send mail from:<465391062@qq.com>
rcpt to:<sysuyezhiqi@163.com>
Subject:This is a test email

Hello World!done!
974 [main] DEBUG com.ddling.server.smtp.SMTPClient - Send .done!
1240 [main] DEBUG com.ddling.server.smtp.SMTPClient - 554 DT:SPM mx13, P8CowED5YVfQEZxUyTJCCQ--.1007S2 1419514321 http://mail.163.com/help/help_spam_16.htm?ip=222.200.185.75&hostid=mx13&time=1419514321
1240 [main] ERROR com.ddling.server.smtp.SMTPClient - java.io.IOException: Send Email Content fail
303 [main] INFO com.ddling.server.smtp.SMTPClient - Connect to 163mx03.mxmail.netease.com At port 25
655 [main] DEBUG com.ddling.server.smtp.SMTPClient - 220 163.com Anti-spam GT for Coremail System (163com[20141201])
655 [main] INFO com.ddling.server.smtp.SMTPClient - Connect to 163mx03.mxmail.netease.comdone!
656 [main] DEBUG com.ddling.server.smtp.SMTPClient - Send HELO 163mx03.mxmail.netease.comdone!
810 [main] DEBUG com.ddling.server.smtp.SMTPClient - 250 OK
810 [main] INFO com.ddling.server.smtp.SMTPClient - ehlo done!
810 [main] DEBUG com.ddling.server.smtp.SMTPClient - Send MAIL FROM:<465391062@qq.com>done!
949 [main] DEBUG com.ddling.server.smtp.SMTPClient - 250 Mail OK
949 [main] DEBUG com.ddling.server.smtp.SMTPClient - Send RCPT TO:<sysuyezhiqi@163.com>done!
1086 [main] DEBUG com.ddling.server.smtp.SMTPClient - 250 Mail OK
1087 [main] INFO com.ddling.server.smtp.SMTPClient - Send Email Header done!
1087 [main] DEBUG com.ddling.server.smtp.SMTPClient - Send DATAdone!
1224 [main] DEBUG com.ddling.server.smtp.SMTPClient - 354 End data with <CR><LF>.<CR><LF>
1225 [main] DEBUG com.ddling.server.smtp.SMTPClient - Send mail from:<465391062@qq.com>
rcpt to:<sysuyezhiqi@163.com>
Subject:This is a test email

Hello World!done!
1225 [main] DEBUG com.ddling.server.smtp.SMTPClient - Send .done!
1543 [main] DEBUG com.ddling.server.smtp.SMTPClient - 554 DT:SPM mx38, WMCowECZT0V9EpxUctN2BQ--.1343S2 1419514494 http://mail.163.com/help/help_spam_16.htm?ip=222.200.185.75&hostid=mx38&time=1419514494
1543 [main] ERROR com.ddling.server.smtp.SMTPClient - java.io.IOException: Send Email Content fail
299 [main] INFO com.ddling.server.smtp.SMTPClient - Connect to 163mx01.mxmail.netease.com At port 25
574 [main] DEBUG com.ddling.server.smtp.SMTPClient - 220 163.com Anti-spam GT for Coremail System (163com[20141201])
574 [main] INFO com.ddling.server.smtp.SMTPClient - Connect to 163mx01.mxmail.netease.comdone!
574 [main] DEBUG com.ddling.server.smtp.SMTPClient - Send HELO 163mx01.mxmail.netease.comdone!
1692 [main] DEBUG com.ddling.server.smtp.SMTPClient - 250 OK
1692 [main] INFO com.ddling.server.smtp.SMTPClient - ehlo done!
1693 [main] DEBUG com.ddling.server.smtp.SMTPClient - Send MAIL FROM:<sysuyezhiqi@163.com>done!
1810 [main] DEBUG com.ddling.server.smtp.SMTPClient - 553 Requested action not taken: no smtp MX only,mx37,V8CowEAJ7kr0E5xUveqlAw--.17615S2 1419514869
1810 [main] ERROR com.ddling.server.smtp.SMTPClient - java.io.IOException: Send Email Header fail!
287 [main] INFO com.ddling.server.smtp.SMTPClient - Connect to 163mx01.mxmail.netease.com At port 25
555 [main] DEBUG com.ddling.server.smtp.SMTPClient - 220 163.com Anti-spam GT for Coremail System (163com[20141201])
556 [main] INFO com.ddling.server.smtp.SMTPClient - Connect to 163mx01.mxmail.netease.comdone!
556 [main] DEBUG com.ddling.server.smtp.SMTPClient - Send HELO 163mx01.mxmail.netease.comdone!
685 [main] DEBUG com.ddling.server.smtp.SMTPClient - 250 OK
685 [main] INFO com.ddling.server.smtp.SMTPClient - ehlo done!
685 [main] DEBUG com.ddling.server.smtp.SMTPClient - Send MAIL FROM:<465391062@qq.com>done!
813 [main] DEBUG com.ddling.server.smtp.SMTPClient - 250 Mail OK
813 [main] DEBUG com.ddling.server.smtp.SMTPClient - Send RCPT TO:<sysuyezhiqi@163.com>done!
937 [main] DEBUG com.ddling.server.smtp.SMTPClient - 250 Mail OK
937 [main] INFO com.ddling.server.smtp.SMTPClient - Send Email Header done!
938 [main] DEBUG com.ddling.server.smtp.SMTPClient - Send DATAdone!
1065 [main] DEBUG com.ddling.server.smtp.SMTPClient - 354 End data with <CR><LF>.<CR><LF>
1065 [main] DEBUG com.ddling.server.smtp.SMTPClient - Send mail from:<465391062@qq.com>
rcpt to:<sysuyezhiqi@163.com>
Subject:This is a test email

Hello World!done!
1066 [main] DEBUG com.ddling.server.smtp.SMTPClient - Send .done!
1367 [main] DEBUG com.ddling.server.smtp.SMTPClient - 554 DT:SPM mx6, OMCowEDJxU0MFJxUee6nAw--.16558S2 1419514893 http://mail.163.com/help/help_spam_16.htm?ip=222.200.185.75&hostid=mx6&time=1419514893
1367 [main] ERROR com.ddling.server.smtp.SMTPClient - java.io.IOException: Send Email Content fail
270 [main] INFO com.ddling.server.smtp.SMTPClient - Connect to 163mx01.mxmail.netease.com At port 25
543 [main] DEBUG com.ddling.server.smtp.SMTPClient - 220 163.com Anti-spam GT for Coremail System (163com[20141201])
543 [main] INFO com.ddling.server.smtp.SMTPClient - Connect to 163mx01.mxmail.netease.comdone!
543 [main] DEBUG com.ddling.server.smtp.SMTPClient - Send HELO 163mx01.mxmail.netease.comdone!
707 [main] DEBUG com.ddling.server.smtp.SMTPClient - 250 OK
707 [main] INFO com.ddling.server.smtp.SMTPClient - ehlo done!
707 [main] DEBUG com.ddling.server.smtp.SMTPClient - Send MAIL FROM:<465391062@qq.com>done!
847 [main] DEBUG com.ddling.server.smtp.SMTPClient - 250 Mail OK
847 [main] DEBUG com.ddling.server.smtp.SMTPClient - Send RCPT TO:<sysuyezhiqi@163.com>done!
985 [main] DEBUG com.ddling.server.smtp.SMTPClient - 250 Mail OK
985 [main] INFO com.ddling.server.smtp.SMTPClient - Send Email Header done!
985 [main] DEBUG com.ddling.server.smtp.SMTPClient - Send DATAdone!
1135 [main] DEBUG com.ddling.server.smtp.SMTPClient - 354 End data with <CR><LF>.<CR><LF>
1135 [main] DEBUG com.ddling.server.smtp.SMTPClient - Send mail from:<465391062@qq.com>
rcpt to:<sysuyezhiqi@163.com>
Subject:This is a test email

Hello World!done!
1135 [main] DEBUG com.ddling.server.smtp.SMTPClient - Send .done!
1459 [main] DEBUG com.ddling.server.smtp.SMTPClient - 554 DT:SPM mx37, V8CowEAJ7kpgFJxUr_6lAw--.17649S2 1419514976 http://mail.163.com/help/help_spam_16.htm?ip=222.200.185.75&hostid=mx37&time=1419514976
1459 [main] ERROR com.ddling.server.smtp.SMTPClient - java.io.IOException: Send Email Content fail
